android/WelcomeActivityAlias,FrameLayout_content,
com.xueqiu.android/WelcomeActivityAlias,LinearLayout_root_view,
com.xueqiu.android/FunctionLoginActivity,EditText_account,
com.xueqiu.android/FunctionLoginActivity,EditText_password,
com.xueqiu.android/FunctionLoginActivity,TextView_button_next,登录
android/GuideTutorialActivity,FrameLayout_content,
com.xueqiu.android/GuideTutorialActivity,LinearLayout_tip_step_one,
com.xueqiu.android/GuideTutorialActivity,LinearLayout_tip_step_two,
com.xueqiu.android/GuideTutorialActivity,LinearLayout_tip_step_three,
android/MainActivity,View_action_bar_overlay_layout,
android/StockDetailActivity,FrameLayout_content,
android/StockDetailActivity,View_action_bar_overlay_layout,
com.xueqiu.android/StockDetailActivity,RelativeLayout_stock_detail_action_bar,
com.xueqiu.android/StockDetailActivity,RelativeLayout_action_back,
android/MainActivity,FrameLayout_content,
com.xueqiu.android/StockDetailActivity,LinearLayout_action_bar_title,
com.xueqiu.android/StockDetailActivity,TextView_action_bar_stock_name,深证成指
com.xueqiu.android/StockDetailActivity,TextView_action_follow,已关注
android/StockDetailActivity,LinearLayout_parentPanel,
android/StockDetailActivity,LinearLayout_contentPanel,
android/StockDetailActivity,ScrollView_scrollView,
android/StockDetailActivity,LinearLayout_buttonPanel,
android/StockDetailActivity,Button_button2,取消
com.xueqiu.android/StockDetailActivity,ViewPager_pager,
com.xueqiu.android/StockDetailActivity,LinearLayout_big_chart_stock_info,
com.xueqiu.android/StockDetailActivity,LinearLayout_stock_detail_big_chart_container,
com.xueqiu.android/StockDetailActivity,TextView_chart_stock_name,深证成指
com.xueqiu.android/StockDetailActivity,LinearLayout_big_chart_period_container,
com.xueqiu.android/StockDetailActivity,FrameLayout_big_chart_container,
com.xueqiu.android/StockDetailActivity,TextView_kline_type_before,前复权
com.xueqiu.android/StockDetailActivity,LinearLayout_big_chart_kline_config_container,
com.xueqiu.android/StockDetailActivity,LinearLayout_big_chart_kline_config_type,
com.xueqiu.android/StockDetailActivity,TextView_kline_type_normal,不复权
com.xueqiu.android/StockDetailActivity,TextView_kline_type_after,后复权
com.xueqiu.android/StockDetailActivity,TextView_kline_indicator_volume,成交量
com.xueqiu.android/StockDetailActivity,TextView_kline_indicator_macd,MACD
com.xueqiu.android/StockDetailActivity,TextView_big_chart_close,关闭
com.xueqiu.android/StockDetailActivity,LinearLayout_content_listview,
com.xueqiu.android/StockDetailActivity,ListView_listview,
com.xueqiu.android/StockDetailActivity,FrameLayout_quote_view,
com.xueqiu.android/StockDetailActivity,RelativeLayout_portfolio_data_view,
com.xueqiu.android/StockDetailActivity,RelativeLayout_above_part,
com.xueqiu.android/StockDetailActivity,ImageView_iv_next,
com.xueqiu.android/StockDetailActivity,TextView_deal_status,更新:
com.xueqiu.android/StockDetailActivity,LinearLayout_stock_info_layout,
com.xueqiu.android/StockDetailActivity,LinearLayout_row_1,
com.xueqiu.android/StockDetailActivity,LinearLayout_column_1,
com.xueqiu.android/StockDetailActivity,TextView_stock_item_name,今开
com.xueqiu.android/StockDetailActivity,LinearLayout_column_2,
com.xueqiu.android/StockDetailActivity,TextView_stock_item_name,昨收
com.xueqiu.android/StockDetailActivity,LinearLayout_column_3,
com.xueqiu.android/StockDetailActivity,TextView_stock_item_name,最高
com.xueqiu.android/StockDetailActivity,LinearLayout_column_4,
com.xueqiu.android/StockDetailActivity,TextView_stock_item_name,最低
com.xueqiu.android/StockDetailActivity,LinearLayout_row_2,
com.xueqiu.android/StockDetailActivity,LinearLayout_column_5,
com.xueqiu.android/StockDetailActivity,TextView_stock_item_name,成交量（股）
com.xueqiu.android/StockDetailActivity,LinearLayout_column_6,
com.xueqiu.android/StockDetailActivity,LinearLayout_column_7,
com.xueqiu.android/StockDetailActivity,TextView_stock_item_name,成交额
com.xueqiu.android/StockDetailActivity,LinearLayout_column_8,
com.xueqiu.android/StockDetailActivity,TextView_stock_item_name,总市值
com.xueqiu.android/StockDetailActivity,FrameLayout_small_chart_fragment_container,
com.xueqiu.android/StockDetailActivity,LinearLayout_small_period_container,
com.xueqiu.android/StockDetailActivity,FrameLayout_small_chart_container,
com.xueqiu.android/StockDetailActivity,LinearLayout_tab_indicator_view,
com.xueqiu.android/StockDetailActivity,LinearLayout_floating_action_view,
android/nh,FrameLayout_content,
com.xueqiu.android/StockDetailActivity,ImageView_floating_action_image_view_id,
android/WriteStatusActivity,View_action_bar_overlay_layout,
android/WriteStatusActivity,FrameLayout_action_bar_container,
android/WriteStatusActivity,View_action_bar,
android/WriteStatusActivity,ImageView_home,
android/WriteStatusActivity,TextView_alertTitle,草稿箱
android/WriteStatusActivity,Button_button3,不保存
com.xueqiu.android/MainActivity,FrameLayout_mainContent,
com.xueqiu.android/MainActivity,ImageButton_action_message,
com.xueqiu.android/lt,LinearLayout_description_row,
com.xueqiu.android/CommentReceiveActivity,FrameLayout_fragment_container_id,
com.xueqiu.android/StatusDetailActivity,ImageView_profileImage,
android/StatusDetailActivity,View_action_bar_overlay_layout,
android/StatusDetailActivity,FrameLayout_content,
android/StatusDetailActivity,FrameLayout_action_bar_container,
android/StatusDetailActivity,View_action_bar,
android/StatusDetailActivity,ImageView_home,
android/CommentReceiveActivity,TextView_action_bar_title,评论我的
android/lt,View_action_bar_overlay_layout,
android/ll,FrameLayout_action_bar_container,
android/ll,View_action_bar,
android/ll,ImageView_home,
android/lt,TextView_action_bar_title,消息
com.xueqiu.android/MainActivity,ImageView_unread_count,
com.xueqiu.android/lt,FrameLayout_fragment_container_id,
com.xueqiu.android/ll,ImageView_im_chat_bubble,
com.xueqiu.android/ll,LinearLayout_pull_list,
com.xueqiu.android/ll,ListView_listview,
android/ll,View_action_bar_overlay_layout,
android/ll,FrameLayout_content,
com.xueqiu.android/ll,LinearLayout_chat_content,
com.xueqiu.android/ll,FrameLayout_im_chat_content_container,
com.xueqiu.android/ll,ImageView_avatar_frame,
android/ll,LinearLayout_parentPanel,
android/ll,TextView_action_bar_title,廖i雪
android/lt,FrameLayout_content,
com.xueqiu.android/ll,LinearLayout_input_bar,
com.xueqiu.android/ll,ImageButton_face,
com.xueqiu.android/ll,EditText_input,
com.xueqiu.android/ll,ImageView_im_chat_image_content,
android/ImageActivity,View_action_bar_overlay_layout,
com.xueqiu.android/ll,ImageView_avatar,
android/ll,TextView_text1,个人页
com.xueqiu.android/ll,TextView_user_name,锡珍不瘦
com.xueqiu.android/ll,TextView_im_chat_content,这是个好策略，被选的应用应该会主动转这条微博
com.xueqiu.android/ll,TextView_user_name,江涛
com.xueqiu.android/ll,TextView_im_chat_content,挺好
com.xueqiu.android/ll,TextView_user_name,蒙懵猛孟
com.xueqiu.android/ll,TextView_im_chat_content,有些小众，非常文艺的平台，很有情怀。。感觉被黑了
android/lt,FrameLayout_action_bar_container,
android/lt,View_action_bar,
android/lt,ImageView_home,
com.xueqiu.android/MainActivity,LinearLayout_home_search,
android/nf,View_action_bar_overlay_layout,
android/nf,FrameLayout_action_bar_container,
android/nf,View_action_bar,
android/nf,ImageView_home,
com.xueqiu.android/MainActivity,FrameLayout_user_profile_container,
com.xueqiu.android/MyActivity,ImageView_avatar_frame,
android/MyActivity,View_action_bar_overlay_layout,
com.xueqiu.android/MainActivity,FrameLayout_trade_root_view,
com.xueqiu.android/MainActivity,FrameLayout_root_view,
com.xueqiu.android/MainActivity,ViewPager_pager,
com.xueqiu.android/MainActivity,LinearLayout_list,
com.xueqiu.android/MainActivity,ListView_listview,
com.xueqiu.android/MainActivity,ImageView_broker_logo,
com.xueqiu.android/MainActivity,TextView_broker_name,平安证券-总资产
com.xueqiu.android/MainActivity,TextView_income_rate,
com.xueqiu.android/MainActivity,LinearLayout_broker_header,
com.xueqiu.android/MainActivity,TextView_asset_balance,--
com.xueqiu.android/MainActivity,TextView_label_profit_loss,今日参考盈亏
com.xueqiu.android/MainActivity,TextView_income_data,--
com.xueqiu.android/MainActivity,LinearLayout_fund_columns_row_1,
com.xueqiu.android/MainActivity,LinearLayout_row_1_column_1,
com.xueqiu.android/MainActivity,TextView_label,持有市值
com.xueqiu.android/MainActivity,TextView_value,--
com.xueqiu.android/MainActivity,LinearLayout_row_1_column_2,
com.xueqiu.android/MainActivity,TextView_label,浮动盈亏
com.xueqiu.android/MainActivity,LinearLayout_row_1_column_3,
com.xueqiu.android/MainActivity,TextView_label,可用
com.xueqiu.android/MainActivity,LinearLayout_row_1_column_4,
com.xueqiu.android/MainActivity,TextView_label,可取
com.xueqiu.android/MainActivity,TextView_status_desc,您已完成平安证券开户申请流程
com.xueqiu.android/MainActivity,LinearLayout_button_one,
com.xueqiu.android/MainActivity,TextView_button_one_label,添加帐号
com.xueqiu.android/MainActivity,TextView_button_one_desc,当前步骤：身份证影像上传(2/8)
com.xueqiu.android/MainActivity,LinearLayout_bottom_text_view,
android/iv,ImageView_home,
com.xueqiu.android/MainActivity,TextView_bottom_text,平安开户常见问题
android/iv,View_action_bar_overlay_layout,
android/iv,FrameLayout_action_bar_container,
android/iv,View_action_bar,
android/iv,FrameLayout_content,
com.xueqiu.android/iv,FrameLayout_content_view_id,
com.xueqiu.android/iv,LinearLayout_floating_action_menu,
com.xueqiu.android/MainActivity,ImageView_bottom_icon,
com.xueqiu.android/MainActivity,RelativeLayout_trade_action_bar,
com.xueqiu.android/MainActivity,ImageView_tab_icon,
com.xueqiu.android/MainActivity,ImageButton_action_search,
android/nf,FrameLayout_content,
com.xueqiu.android/nf,ScrollView_scroll_view,
com.xueqiu.android/nf,LinearLayout_empty_view,
com.xueqiu.android/nf,RelativeLayout_part_1,
com.xueqiu.android/nf,ImageView_img_1,
com.xueqiu.android/nf,RelativeLayout_part_2,
com.xueqiu.android/nf,ImageView_img_2,
com.xueqiu.android/nf,RelativeLayout_part_3,
com.xueqiu.android/nf,ImageView_img_3,
com.xueqiu.android/nf,RelativeLayout_part_4,
com.xueqiu.android/nf,ImageView_img_4,
com.xueqiu.android/MainActivity,RelativeLayout_action_message_view,
com.xueqiu.android/lt,RelativeLayout_rootView,
com.xueqiu.android/ll,ImageButton_media,
com.xueqiu.android/ll,GridView_im_media_board_grid,
com.xueqiu.android/ll,ImageView_im_media_board_image,
android/CameraActivity,View_action_bar_overlay_layout,
android/CameraActivity,FrameLayout_content,
com.xueqiu.android/lt,ListView_listView,
com.xueqiu.android/lt,ImageView_profile,
com.xueqiu.android/CommentReceiveActivity,LinearLayout_status_item_view,
com.xueqiu.android/StatusDetailActivity,TextView_retweet_count,转 3
android/StatusDetailActivity,TextView_action_bar_title,正文页
android/CommentReceiveActivity,View_action_bar_overlay_layout,
com.xueqiu.android/StatusDetailActivity,ImageButton_action_item,
com.xueqiu.android/MainActivity,TextView_title,自选
com.xueqiu.android/MainActivity,ImageView_action_sort,
com.xueqiu.android/MainActivity,TextView_stock_name,名称
com.xueqiu.android/MainActivity,Button_btn_current,置顶
com.xueqiu.android/MainActivity,Button_btn_change,拖动
com.xueqiu.android/MainActivity,TextView_title,编辑
com.xueqiu.android/MainActivity,ImageButton_remove,
android/MainActivity,LinearLayout_parentPanel,
android/MainActivity,LinearLayout_topPanel,
android/MainActivity,View_titleDividerTop,
android/MainActivity,LinearLayout_title_template,
android/MainActivity,LinearLayout_buttonPanel,
android/MainActivity,Button_button2,取消
com.xueqiu.android/MainActivity,RelativeLayout_code_name,
com.xueqiu.android/MainActivity,TextView_stockName,莲花味精
com.xueqiu.android/MainActivity,ImageButton_top,
com.xueqiu.android/MainActivity,FrameLayout_drag_handle,
com.xueqiu.android/MainActivity,View_divider,
com.xueqiu.android/MainActivity,TextView_stockName,民生银行
com.xueqiu.android/MainActivity,TextView_stockName,阿里健康
com.xueqiu.android/MainActivity,ImageView_stock_type_icon,
com.xueqiu.android/MainActivity,TextView_stockName,阿里影业
com.xueqiu.android/MainActivity,TextView_stockName,兴森科技
com.xueqiu.android/MainActivity,TextView_stockName,平潭发展
com.xueqiu.android/MainActivity,TextView_stockName,中文传媒
com.xueqiu.android/MainActivity,TextView_stockName,创业板指
com.xueqiu.android/MainActivity,TextView_stockName,深证成指
com.xueqiu.android/MainActivity,View_line,
com.xueqiu.android/MainActivity,Button_btn_current,当前价
com.xueqiu.android/MainActivity,Button_btn_change,涨跌幅
com.xueqiu.android/MainActivity,LinearLayout_code_name,
com.xueqiu.android/StockDetailActivity,TextView_action_bar_rzrq,融
android/StockDetailActivity,FrameLayout_customPanel,
android/StockDetailActivity,FrameLayout_custom,
com.xueqiu.android/StockDetailActivity,LinearLayout_stock_detail_rong_container,
android/StockDetailActivity,Button_button2,关闭
com.xueqiu.android/StockDetailActivity,TextView_action_bar_stock_name,光线传媒
com.xueqiu.android/StockDetailActivity,TextView_stock_item_name,市盈率TTM
com.xueqiu.android/StockDetailActivity,TextView_stock_item_name,换手率(%)
com.xueqiu.android/StockDetailActivity,LinearLayout_small_chart_pankou_container,
com.xueqiu.android/StockDetailActivity,View_small_chart_pankou_view,
com.xueqiu.android/StockDetailActivity,TextView_pankou_wudang,五档
com.xueqiu.android/StockDetailActivity,TextView_pankou_detail,明细
com.xueqiu.android/MainActivity,TextView_stockName,光线传媒
com.xueqiu.android/MainActivity,FrameLayout_change_container,
com.xueqiu.android/MainActivity,TextView_stockName,雪球智选
com.xueqiu.android/StockDetailActivity,TextView_action_bar_stock_name,雪球智选
com.xueqiu.android/MainActivity,Button_btn_change,涨跌额
com.xueqiu.android/MainActivity,TextView_stockName,伯克希尔哈撒韦
com.xueqiu.android/StockDetailActivity,TextView_change_afterhours,0.0 (0.0%)
com.xueqiu.android/StockDetailActivity,TextView_action_bar_stock_name,伯克希尔哈撒韦
com.xueqiu.android/StockDetailActivity,TextView_action_bar_stock_symbol,NYSE:BRK.A
com.xueqiu.android/StockDetailActivity,TextView_afterhours_label,盘后  
com.xueqiu.android/StockDetailActivity,TextView_stock_item_name,每股净资产
com.xueqiu.android/MainActivity,ImageView_stockTag,
com.xueqiu.android/MainActivity,TextView_stockCode,BRK.A
com.xueqiu.android/MainActivity,TextView_stockName,特斯拉电动车
com.xueqiu.android/StockDetailActivity,TextView_action_bar_stock_symbol,NASDAQ:TSLA
com.xueqiu.android/StockDetailActivity,TextView_action_bar_stock_name,特斯拉电动车
com.xueqiu.android/MainActivity,TextView_stockCode,TSLA
com.xueqiu.android/MainActivity,TextView_stockName,百度
com.xueqiu.android/StockDetailActivity,TextView_action_bar_stock_symbol,NASDAQ:BIDU
com.xueqiu.android/StockDetailActivity,TextView_action_bar_stock_name,百度
com.xueqiu.android/MainActivity,TextView_stockCode,BIDU
com.xueqiu.android/MainActivity,TextView_stockName,贵州茅台
com.xueqiu.android/StockDetailActivity,TextView_action_bar_tong,通
com.xueqiu.android/StockDetailActivity,TextView_stock_detail_tong_content, : 沪港通标的股票
com.xueqiu.android/StockDetailActivity,LinearLayout_stock_detail_tong_container,
com.xueqiu.android/StockDetailActivity,TextView_action_bar_stock_name,贵州茅台
com.xueqiu.android/MainActivity,TextView_stockName,苹果
com.xueqiu.android/StockDetailActivity,TextView_action_bar_stock_symbol,NASDAQ:AAPL
com.xueqiu.android/StockDetailActivity,TextView_action_bar_stock_name,苹果
com.xueqiu.android/MainActivity,TextView_stockCode,AAPL
com.xueqiu.android/MainActivity,TextView_stockCode,QQQ
com.xueqiu.android/StockDetailActivity,TextView_action_bar_stock_symbol,NASDAQ:QQQ
com.xueqiu.android/MainActivity,TextView_stockName,智联招聘
com.xueqiu.android/StockDetailActivity,TextView_action_bar_stock_symbol,NYSE:ZPIN
com.xueqiu.android/StockDetailActivity,TextView_action_bar_stock_name,智联招聘
com.xueqiu.android/MainActivity,TextView_stockCode,ZPIN
com.xueqiu.android/MainActivity,TextView_stockName,浦发银行
com.xueqiu.android/StockDetailActivity,TextView_action_bar_stock_name,浦发银行
android/MainActivity,TabHost_tabhost,
android/MainActivity,TabWidget_tabs,
com.xueqiu.android/MainActivity,TextView_title,动态
com.xueqiu.android/MainActivity,ImageButton_action_create,
android/WriteStatusActivity,TextView_action_bar_title,发表讨论
com.xueqiu.android/MainActivity,LinearLayout_rootView,
com.xueqiu.android/StatusDetailActivity,LinearLayout_middle_tool_bar,
com.xueqiu.android/StockDetailActivity,TextView_action_bar_stock_name,上证指数
com.xueqiu.android/StatusDetailActivity,RelativeLayout_status_item_detail,
android/WebViewActivity,View_action_bar_overlay_layout,
android/WebViewActivity,FrameLayout_content,
android/WebViewActivity,FrameLayout_action_bar_container,
com.xueqiu.android/StatusDetailActivity,ListView_comments_listview,
com.xueqiu.android/WebViewActivity,ProgressBar_load_more_progress,
android/WebViewActivity,TextView_action_bar_title,午评：沪指继续上涨 金融表现较好|大盘|股市|股票_新浪财经_新浪网
com.xueqiu.android/StatusDetailActivity,RelativeLayout_user_info_bar,
com.xueqiu.android/StatusDetailActivity,TextView_source,来自新闻
com.xueqiu.android/StatusDetailActivity,TextView_created_at,6分钟前
com.xueqiu.android/StatusDetailActivity,RelativeLayout_status_text_container,
com.xueqiu.android/StatusDetailActivity,LinearLayout_reference_stocks,
com.xueqiu.android/StatusDetailActivity,TextView_recommend_title,相关股票
com.xueqiu.android/StatusDetailActivity,ViewPager_reference_stocks_view_pager,
com.xueqiu.android/StatusDetailActivity,LinearLayout_stock_bg,
com.xueqiu.android/StatusDetailActivity,TextView_stock_name,上证指数
com.xueqiu.android/StatusDetailActivity,TextView_history_percent,发帖以来股价0.0%
com.xueqiu.android/StatusDetailActivity,RelativeLayout_retweet_comment_count_view,
com.xueqiu.android/StatusDetailActivity,TextView_retweet_count,转 0
com.xueqiu.android/StatusDetailActivity,View_reTweet_comment_indicator,
com.xueqiu.android/StatusDetailActivity,TextView_comment_count,评 0
com.xueqiu.android/StatusDetailActivity,View_divider,
com.xueqiu.android/StatusDetailActivity,TextView_sort_comment,最新
android/StatusDetailActivity,TextView_title,最新
com.xueqiu.android/StatusDetailActivity,LinearLayout_floating_action_view,
com.xueqiu.android/StatusDetailActivity,ImageView_floating_action_image_view_id,
android/WriteStatusActivity,FrameLayout_content,
com.xueqiu.android/WriteStatusActivity,LinearLayout_write_status_root,
com.xueqiu.android/WriteStatusActivity,LinearLayout_write_view,
com.xueqiu.android/WriteStatusActivity,EditText_status_edit,
com.xueqiu.android/WriteStatusActivity,RelativeLayout_post_bar,
com.xueqiu.android/WriteStatusActivity,RelativeLayout_choose_retweet_view,
com.xueqiu.android/WriteStatusActivity,CheckBox_choose_retweet,转发到我的首页
com.xueqiu.android/WriteStatusActivity,ImageButton_at,
com.xueqiu.android/WriteStatusActivity,LinearLayout_auto_complete_view,
com.xueqiu.android/WriteStatusActivity,EditText_search_input_text,
com.xueqiu.android/WriteStatusActivity,View_divider,
com.xueqiu.android/WriteStatusActivity,ListView_auto_complete_list,
com.xueqiu.android/WriteStatusActivity,ImageButton_dollar,
com.xueqiu.android/WriteStatusActivity,ImageButton_emoticon,
android/WriteStatusActivity,Button_button3,不保存
com.xueqiu.android/MainActivity,LinearLayout_sw_list,
com.xueqiu.android/MainActivity,LinearLayout_status_item_view,
com.xueqiu.android/MainActivity,RelativeLayout_status_view,
com.xueqiu.android/MainActivity,ImageView_profileImage,
com.xueqiu.android/MainActivity,RelativeLayout_screenName_view,
com.xueqiu.android/StatusDetailActivity,TextView_stock_name,加载更多
com.xueqiu.android/MainActivity,TextView_source,来自新闻
com.xueqiu.android/MainActivity,RelativeLayout_status_container,
com.xueqiu.android/MainActivity,TextView_statusTitle,午评：沪指继续上涨 金融表现较好
com.xueqiu.android/MainActivity,View_status_line,
com.xueqiu.android/MainActivity,LinearLayout_part_two,
com.xueqiu.android/MainActivity,LinearLayout_retweet_count_view,
android/WriteStatusActivity,TextView_action_bar_title,分享到雪球动态
com.xueqiu.android/MainActivity,TextView_retweet_count,转发
com.xueqiu.android/MainActivity,LinearLayout_comment_count_view,
com.xueqiu.android/MainActivity,TextView_comment_count,评论
com.xueqiu.android/MainActivity,LinearLayout_reward_count_view,
android/RewardActivity,View_action_bar_overlay_layout,
android/RewardActivity,FrameLayout_action_bar_container,
android/RewardActivity,View_action_bar,
android/RewardActivity,ImageView_home,
com.xueqiu.android/MainActivity,TextView_reward_snowcoin,赞助
android/RewardActivity,TextView_action_bar_title,赞助
com.xueqiu.android/MainActivity,TextView_userName,猎云网
com.xueqiu.android/StatusDetailActivity,TextView_userName,猎云网
com.xueqiu.android/StatusDetailActivity,ImageView_vImage,
com.xueqiu.android/StatusDetailActivity,TextView_source,来自关联博客
com.xueqiu.android/StatusDetailActivity,RelativeLayout_empty_view,
com.xueqiu.android/StatusDetailActivity,ImageView_image,
com.xueqiu.android/MainActivity,ImageView_vImage,
com.xueqiu.android/MainActivity,TextView_source,来自关联博客
com.xueqiu.android/MainActivity,TextView_statusTitle,吃嘛呢：用“大数据分析+私人顾问S2C”进攻个性化健康饮食消费领域
com.xueqiu.android/MainActivity,TextView_tab_name,首页
com.xueqiu.android/MainActivity,ImageView_image,
com.xueqiu.android/StatusDetailActivity,TextView_userName,雪球达人秀
com.xueqiu.android/StatusDetailActivity,TextView_source,来自雪球
com.xueqiu.android/MainActivity,View_indicator,
com.xueqiu.android/MainActivity,LinearLayout_hot_event,
com.xueqiu.android/im,LinearLayout_status_item_view,
com.xueqiu.android/StatusDetailActivity,LinearLayout_wonderful_comments,
android/StatusDetailActivity,TextView_text1,举报
android/StatusDetailActivity,LinearLayout_parentPanel,
android/StatusDetailActivity,LinearLayout_topPanel,
android/StatusDetailActivity,LinearLayout_title_template,
android/StatusDetailActivity,TextView_alertTitle,Attention
android/StatusDetailActivity,View_titleDivider,
android/StatusDetailActivity,LinearLayout_contentPanel,
android/StatusDetailActivity,ScrollView_scrollView,
android/StatusDetailActivity,LinearLayout_buttonPanel,
android/StatusDetailActivity,Button_button2,取消
com.xueqiu.android/StatusDetailActivity,TextView_retweet_count,精彩评论
com.xueqiu.android/StatusDetailActivity,ImageView_comment_profileImage,
com.xueqiu.android/StatusDetailActivity,RelativeLayout_screenName_view,
android/StatusDetailActivity,TextView_text1,查看个人页面
com.xueqiu.android/StatusDetailActivity,TextView_screen_name,栀子花开股海丶
android/StatusDetailActivity,TextView_alertTitle,评论
android/StatusDetailActivity,ListView_select_dialog_listview,
android/RewardActivity,FrameLayout_content,
com.xueqiu.android/StatusDetailActivity,RelativeLayout_like_view,
com.xueqiu.android/StatusDetailActivity,ImageView_like_icon,
com.xueqiu.android/StatusDetailActivity,ImageView_comment_reply,
android/WriteStatusActivity,TextView_action_bar_title,回复栀子花开股海丶
com.xueqiu.android/StatusDetailActivity,TextView_comment_text,今天最佳段子。
android/StatusDetailActivity,TextView_text1,回复评论
android/im,FrameLayout_content,
com.xueqiu.android/im,FrameLayout_container,
com.xueqiu.android/im,LinearLayout_pull_to_refresh_view,
com.xueqiu.android/im,ListView_listview,
com.xueqiu.android/im,RelativeLayout_status_view,
com.xueqiu.android/im,ImageView_profileImage,
com.xueqiu.android/StockDetailActivity,TextView_action_bar_stock_name,莲花味精
com.xueqiu.android/im,RelativeLayout_screenName_view,
com.xueqiu.android/im,TextView_source,来自新闻
com.xueqiu.android/im,RelativeLayout_status_container,
com.xueqiu.android/im,TextView_statusTitle,莲花味精：取消提名习银平为公司独董候选人
com.xueqiu.android/im,ImageView_face,
com.xueqiu.android/im,TextView_input_text,#莲花味精独董#
com.xueqiu.android/im,EditText_input_text,
com.xueqiu.android/MainActivity,LinearLayout_hot_event_one,
com.xueqiu.android/im,TextView_userName,土地堂堂主
com.xueqiu.android/StatusDetailActivity,TextView_userName,土地堂堂主
com.xueqiu.android/StatusDetailActivity,TextView_source,来自iPhone客户端
com.xueqiu.android/im,TextView_source,来自iPhone客户端
com.xueqiu.android/im,TextView_statusText,【见涨就追、见跌就杀，实在可怕】 很多人就是这样自己把自己搞死的！ 二八不会转换，八类只是今天早盘闪了下腰而已，最快明天就会直立行走。 大家要有主心骨。我早说了：股票其实很简单【涨多了就会跌，跌多了就会涨】。 今天大蓝愁涨，是因为今年都没涨，憋屈已久，苦秦久矣，蹦跶一下下，只是让...
com.xueqiu.android/im,ImageView_status_image,
android/ImageActivity,FrameLayout_content,
com.xueqiu.android/im,TextView_input_text,#二八转换#
com.xueqiu.android/MainActivity,TextView_hot_event_name,#二八转换#
com.xueqiu.android/MainActivity,TextView_hot_event_tag,热门
com.xueqiu.android/MainActivity,LinearLayout_hot_event_two,
com.xueqiu.android/MainActivity,TextView_hot_event_name,#莲花味精独董#
com.xueqiu.android/MainActivity,RelativeLayout_show_all_markets,
android/StockRankActivity,View_action_bar_overlay_layout,
android/StockRankMoreListActivity,FrameLayout_action_bar_container,
android/StockRankMoreListActivity,View_action_bar,
android/StockRankMoreListActivity,ImageView_home,
android/StockRankActivity,TextView_action_bar_title,行情
com.xueqiu.android/MainActivity,ViewPager_index_pager,
com.xueqiu.android/MainActivity,LinearLayout_indices,
com.xueqiu.android/MainActivity,TextView_index_name,上证指数
com.xueqiu.android/MainActivity,ImageView_index_raise_fall,
com.xueqiu.android/MainActivity,TextView_index_name,深证成指
com.xueqiu.android/MainActivity,TextView_index_name,创业板指
com.xueqiu.android/StockDetailActivity,TextView_action_bar_stock_name,创业板指
com.xueqiu.android/MainActivity,LinearLayout_hot_stock_container,
com.xueqiu.android/StockDetailActivity,TextView_action_bar_stock_name,乐视网
com.xueqiu.android/MainActivity,TextView_hot_stock_1,上证指数
com.xueqiu.android/MainActivity,TextView_hot_stock_2,乐视网
com.xueqiu.android/MainActivity,TextView_hot_stock_3,银之杰
com.xueqiu.android/StockDetailActivity,TextView_action_bar_stock_name,银之杰
com.xueqiu.android/StockDetailActivity,TextView_action_follow,关注
android/StockDetailActivity,LinearLayout_topPanel,
android/StockDetailActivity,LinearLayout_title_template,
android/StockDetailActivity,TextView_alertTitle,分享给朋友
android/StockDetailActivity,View_titleDivider,
com.xueqiu.android/MainActivity,TextView_hot_stock_4,创业板指
com.xueqiu.android/MainActivity,RelativeLayout_show_today_topic,
android/TodayTopicActivity,View_action_bar_overlay_layout,
com.xueqiu.android/StatusDetailActivity,TextView_userName,今日话题
android/TodayTopicActivity,FrameLayout_action_bar_container,
android/TodayTopicActivity,View_action_bar,
android/TodayTopicActivity,ImageView_home,
com.xueqiu.android/MainActivity,ImageView_topic,
com.xueqiu.android/MainActivity,TextView_topic_one,沪指涨0.6%，创业板涨1.7%
com.xueqiu.android/MainActivity,TextView_topic_two,深度解读爱康国宾毒丸计划
com.xueqiu.android/StatusDetailActivity,TextView_userName,虎父兔女
com.xueqiu.android/MainActivity,TextView_topic_three,创投行业站风口，五只热门股详解
com.xueqiu.android/StatusDetailActivity,TextView_userName,简放
com.xueqiu.android/MainActivity,TextView_tab_name,自选
com.xueqiu.android/MainActivity,TextView_tab_name,动态
com.xueqiu.android/MainActivity,TextView_tab_name,组合
com.xueqiu.android/MainActivity,ImageButton_action_create_cube,
android/gz,View_action_bar_overlay_layout,
android/gz,FrameLayout_action_bar_container,
android/gz,View_action_bar,
android/gz,ImageView_home,
android/gz,FrameLayout_content,
android/gz,LinearLayout_parentPanel,
android/gz,LinearLayout_topPanel,
android/gz,View_titleDividerTop,
android/gz,LinearLayout_title_template,
android/gz,LinearLayout_buttonPanel,
android/gz,Button_button2,取消
android/gz,TextView_action_bar_title,新建组合
com.xueqiu.android/gz,TextView_action_next,下一步
com.xueqiu.android/gz,ProgressBar_progress,
com.xueqiu.android/gz,ViewPager_pager,
com.xueqiu.android/gz,FrameLayout_header,
com.xueqiu.android/gz,TextView_subtitle,第一步
com.xueqiu.android/gz,TextView_title,先取个响亮的名字吧
com.xueqiu.android/gz,EditText_edit_text_name_cube,
com.xueqiu.android/gz,TextView_textView2,* 组合创建后不可删除，但可以修改名称和描述
com.xueqiu.android/MainActivity,TextView_title,组合
com.xueqiu.android/MainActivity,Button_btn_current,净值
com.xueqiu.android/MainActivity,Button_btn_change,日收益
com.xueqiu.android/MainActivity,TextView_stockName,视频
android/ha,View_action_bar_overlay_layout,
android/hc,FrameLayout_action_bar_container,
android/hc,View_action_bar_overlay_layout,
android/hc,View_action_bar,
android/hc,ImageView_home,
android/ha,FrameLayout_content,
android/hc,TextView_action_bar_title,SnowBall
com.xueqiu.android/ha,FrameLayout_content_view,
com.xueqiu.android/hc,TextView_action_done,完成
com.xueqiu.android/ha,LinearLayout_sw_list,
android/hc,FrameLayout_content,
com.xueqiu.android/hc,TextView_text_name_title,组合名称
com.xueqiu.android/hc,EditText_edit_name,
com.xueqiu.android/hc,TextView_text_desc_title,主理人建议
com.xueqiu.android/hc,EditText_edit_desc,
com.xueqiu.android/ha,ListView_listview,
com.xueqiu.android/ha,LinearLayout_header,
com.xueqiu.android/ha,LinearLayout_tags,
com.xueqiu.android/ha,TextView_text_create,1 人关注
com.xueqiu.android/ha,RelativeLayout_gain_year,
com.xueqiu.android/ha,View_split_line,
com.xueqiu.android/ha,LinearLayout_gains,
com.xueqiu.android/ha,LinearLayout_rank,
com.xueqiu.android/ha,TextView_text_rank_title,月收益排行（沪深）
com.xueqiu.android/ha,TextView_text_rank_desc_left,跑赢
com.xueqiu.android/ha,TextView_text_rank_desc_right,组合
com.xueqiu.android/ha,LinearLayout_row_creator,
com.xueqiu.android/ha,ImageView_image_creator_avatar,
com.xueqiu.android/ha,TextView_text_creator_title,seveniruby
com.xueqiu.android/ha,TextView_text_creator_desc,写点建议吧，便于别人理解你的组合
com.xueqiu.android/ha,LinearLayout_header_radar_chart,
com.xueqiu.android/ha,ViewPager_pager,
com.xueqiu.android/ha,TextView_swipe_item_title,绝对收益
com.xueqiu.android/ha,ImageView_swipe_item_icon,
com.xueqiu.android/ha,TextView_swipe_item_message,反映组合的盈利能力。绝对收益越高的组合，盈利能力越高，越会赚钱。
com.xueqiu.android/ha,View_indicator,
com.xueqiu.android/ha,View_radar_chart,
com.xueqiu.android/ha,LinearLayout_star_container,
com.xueqiu.android/ha,LinearLayout_floating_action_menu,
com.xueqiu.android/ha,ImageView_floating_action_image_view_id,
android/hp,View_action_bar_overlay_layout,
android/hp,FrameLayout_action_bar_container,
android/hp,View_action_bar,
android/hp,ImageView_home,
android/ha,FrameLayout_action_bar_container,
android/ha,View_action_bar,
android/ha,ImageView_home,
com.xueqiu.android/MainActivity,TextView_stockName,短线
com.xueqiu.android/ha,TextView_text_creator_desc,因关注数越来越多，我会尽力把组合和实盘分开，或先组合后实盘。我照料组合是希望在一个公共平台展示投资理念和水平，为成立基金作准备，不希望大伙跟风，更不希望因此惹麻烦，请各位注意风险，切勿盲目买卖，谢谢！
com.xueqiu.android/ha,ImageView_cube_in_top_list,
android/hl,View_action_bar_overlay_layout,
android/hl,FrameLayout_action_bar_container,
android/hl,View_action_bar,
android/hl,ImageView_home,
android/ha,TextView_action_bar_title,短线
com.xueqiu.android/MainActivity,ImageView_cube_in_top_list,
com.xueqiu.android/ha,TextView_action_follow,已关注
android/ha,LinearLayout_parentPanel,
android/ha,LinearLayout_topPanel,
android/ha,View_titleDividerTop,
android/ha,LinearLayout_title_template,
android/ha,LinearLayout_buttonPanel,
android/ha,Button_button2,取消
com.xueqiu.android/MainActivity,TextView_stockName,平台生态
com.xueqiu.android/ha,TextView_text_creator_title,看得远
com.xueqiu.android/ha,TextView_text_creator_desc,以互联网+、大数据、金融、平台甚至生态为选股主线，深入研究企业基本面，大波段操作。
android/ha,TextView_action_bar_title,平台生态
com.xueqiu.android/MainActivity,TextView_stockName,A股分红牛
android/ha,TextView_action_bar_title,A股分红牛
com.xueqiu.android/MainActivity,TextView_stockName,虚拟盘
com.xueqiu.android/ha,TextView_text_creator_title,拉姆塞拉姆
com.xueqiu.android/ha,TextView_text_creator_desc,没有扣扣群！不再公开实盘同步，不用再跟了。
android/ha,TextView_action_bar_title,虚拟盘
com.xueqiu.android/MainActivity,TextView_stockName,Ddcx
com.xueqiu.android/ha,LinearLayout_cube_change_list_content,
com.xueqiu.android/StockDetailActivity,TextView_action_bar_stock_name,爱康科技
com.xueqiu.android/ha,TextView_cube_rb_state,买
com.xueqiu.android/ha,TextView_cube_rb_stock_name,爱康科技
com.xueqiu.android/ha,TextView_cube_rb_change,0.0% --> 2.0%
com.xueqiu.android/ha,TextView_cube_stock_buy,下 单
android/iv,TextView_action_bar_title,下单
com.xueqiu.android/ha,View_item_bottom_line,
com.xueqiu.android/ha,TextView_cube_rb_stock_name,华联综超
com.xueqiu.android/StockDetailActivity,TextView_action_bar_stock_name,华联综超
com.xueqiu.android/ha,RelativeLayout_row_nv_history,
android/ho,View_action_bar_overlay_layout,
android/ho,FrameLayout_action_bar_container,
android/ho,View_action_bar,
android/ho,ImageView_home,
com.xueqiu.android/ha,LinearLayout_header_history_chart,
android/ho,TextView_action_bar_title,历史净值
com.xueqiu.android/ha,FrameLayout_chart_gain_history,
android/ho,FrameLayout_content,
com.xueqiu.android/ho,LinearLayout_list,
com.xueqiu.android/ho,ListView_listview,
com.xueqiu.android/ho,FrameLayout_container,
com.xueqiu.android/ho,FrameLayout_background,
android/ha,TextView_action_bar_title,Ddcx
com.xueqiu.android/MainActivity,TextView_tab_name,交易
com.xueqiu.android/MainActivity,TextView_label,浮动盈亏额
com.xueqiu.android/MainActivity,TextView_label,浮动盈亏率
com.xueqiu.android/MainActivity,TextView_label,累计盈亏额
com.xueqiu.android/MainActivity,TextView_label,累计盈亏率
com.xueqiu.android/MainActivity,LinearLayout_trade_actions,
android/SearchStockActivity,View_action_bar_overlay_layout,
android/TakingPositionActivity,FrameLayout_content,
android/TakingPositionActivity,View_action_bar_overlay_layout,
android/TakingPositionActivity,FrameLayout_action_bar_container,
android/TakingPositionActivity,View_action_bar,
android/TakingPositionActivity,ImageView_home,
com.xueqiu.android/MainActivity,TextView_add_tran,添加交易
android/SearchStockActivity,FrameLayout_action_bar_container,
android/SearchStockActivity,View_action_bar,
android/SearchStockActivity,ImageView_home,
com.xueqiu.android/MainActivity,LinearLayout_performance_market_income,
com.xueqiu.android/MainActivity,FrameLayout_performance_market_income_header,
com.xueqiu.android/MainActivity,TextView_title_column_one,市场
com.xueqiu.android/MainActivity,TextView_title_column_two,市值
com.xueqiu.android/MainActivity,TextView_title_column_three,浮动盈亏
com.xueqiu.android/MainActivity,TextView_title_column_four,累计盈亏
com.xueqiu.android/MainActivity,LinearLayout_performance_market_income_list,
com.xueqiu.android/MainActivity,TextView_column_1_row_1,港股(HK$)
com.xueqiu.android/MainActivity,TextView_column_1_row_1,美股($)
com.xueqiu.android/MainActivity,TextView_title_column_one,股票名称
com.xueqiu.android/MainActivity,TextView_title_column_two,市值/数量
com.xueqiu.android/MainActivity,TextView_title_column_three,现价/成本
com.xueqiu.android/MainActivity,TextView_title_column_four,浮动盈亏
com.xueqiu.android/MainActivity,TextView_column_1_row_1,招商银行
android/TakingPositionActivity,TextView_action_bar_title,模拟盈亏
com.xueqiu.android/MainActivity,TextView_page_type_trade,实盘交易
com.xueqiu.android/MainActivity,TextView_page_type_performance,模拟盈亏
android/GEL,FrameLayout_content,